lto-wrapper: warning: using serial compilation of 3 LTRANS jobs
In file included from [01m[K/home/dyj/rm2026/transistor_rm2026_algorithm_visual_ws/src/auto_aim/include/armor_detector/motion_model.hpp:7[m[K,
                 from [01m[K/home/dyj/rm2026/transistor_rm2026_algorithm_visual_ws/src/auto_aim/include/armor_detector/Tracker.h:2[m[K,
                 from [01m[K/home/dyj/rm2026/transistor_rm2026_algorithm_visual_ws/src/auto_aim/src/nodes/ArmorDetect_Node.cpp:11[m[K:
[01m[K/home/dyj/rm2026/transistor_rm2026_algorithm_visual_ws/src/auto_aim/include/armor_detector/extended_kalman_filter.hpp:[m[K In member function ‘[01m[KExtendedKalmanFilter<N_x, N_z, PredicFunc, MeasureFunc>::MatrixX1 ExtendedKalmanFilter<N_x, N_z, PredicFunc, MeasureFunc>::predict()[m[K’:
[01m[K/home/dyj/rm2026/transistor_rm2026_algorithm_visual_ws/src/auto_aim/include/armor_detector/extended_kalman_filter.hpp:72:29:[m[K [01;31m[Kerror: [m[Kexpected primary-expression before ‘[01m[K)[m[K’ token
   72 |       F.block<i, 0, 1, N_x>([01;31m[K)[m[K = x_p_jet[i].v.transpose(); // 计算过程模型的雅可比矩阵
      |                             [01;31m[K^[m[K
[01m[K/home/dyj/rm2026/transistor_rm2026_algorithm_visual_ws/src/auto_aim/include/armor_detector/extended_kalman_filter.hpp:[m[K In member function ‘[01m[KExtendedKalmanFilter<N_x, N_z, PredicFunc, MeasureFunc>::MatrixX1 ExtendedKalmanFilter<N_x, N_z, PredicFunc, MeasureFunc>::update(const MatrixZ1&)[m[K’:
[01m[K/home/dyj/rm2026/transistor_rm2026_algorithm_visual_ws/src/auto_aim/include/armor_detector/extended_kalman_filter.hpp:96:29:[m[K [01;31m[Kerror: [m[Kexpected primary-expression before ‘[01m[K)[m[K’ token
   96 |       H.block<i, 0, 1, N_x>([01;31m[K)[m[K = z_p_jet[i].v.transpose();
      |                             [01;31m[K^[m[K
[01m[K/home/dyj/rm2026/transistor_rm2026_algorithm_visual_ws/src/auto_aim/src/nodes/ArmorDetect_Node.cpp:[m[K In member function ‘[01m[Kvoid ArmorDetectNode::processImage()[m[K’:
[01m[K/home/dyj/rm2026/transistor_rm2026_algorithm_visual_ws/src/auto_aim/src/nodes/ArmorDetect_Node.cpp:381:30:[m[K [01;31m[Kerror: [m[K‘[01m[Kangle_kalman_[m[K’ was not declared in this scope
  381 |                         if (![01;31m[Kangle_kalman_[m[K->isInitialized()) {
      |                              [01;31m[K^~~~~~~~~~~~~[m[K
[01m[K/home/dyj/rm2026/transistor_rm2026_algorithm_visual_ws/src/auto_aim/src/nodes/ArmorDetect_Node.cpp:384:61:[m[K [01;31m[Kerror: [m[K‘[01m[Kangle_kalman_[m[K’ was not declared in this scope
  384 |                         cv::Point3f current_predicted_pos = [01;31m[Kangle_kalman_[m[K->predictKalmanFilter(0);
      |                                                             [01;31m[K^~~~~~~~~~~~~[m[K
gmake[2]: *** [CMakeFiles/armor_detect_node.dir/build.make:79：CMakeFiles/armor_detect_node.dir/src/nodes/ArmorDetect_Node.cpp.o] 错误 1
gmake[1]: *** [CMakeFiles/Makefile2:803：CMakeFiles/armor_detect_node.dir/all] 错误 2
gmake: *** [Makefile:146：all] 错误 2
