[  1%] Built target auto_aim__cpp
[  5%] Built target crc_lib
[ 11%] Built target auto_aim__rosidl_generator_c
[ 11%] Built target ament_cmake_python_copy_auto_aim
[ 18%] Built target auto_aim__rosidl_typesupport_cpp
[ 25%] Built target auto_aim__rosidl_typesupport_fastrtps_cpp
[ 32%] Built target auto_aim__rosidl_typesupport_introspection_cpp
[ 38%] Built target auto_aim__rosidl_typesupport_introspection_c
[ 49%] Built target auto_aim__rosidl_typesupport_c
[ 52%] Built target auto_aim__rosidl_typesupport_fastrtps_c
[ 54%] [32mBuilding CXX object CMakeFiles/armor_detector.dir/src/armor_detector/ArmorDetector.cpp.o[0m
[ 55%] [32mBuilding CXX object CMakeFiles/armor_detector.dir/src/armor_detector/ArmorClassifier.cpp.o[0m
[ 57%] [32mBuilding CXX object CMakeFiles/armor_detector.dir/src/armor_detector/ArmorSolver.cpp.o[0m
[ 57%] Built target auto_aim
[ 61%] Built target com_node
[ 62%] Built target auto_aim__py
[ 67%] Built target auto_aim__rosidl_generator_py
[ 77%] Built target auto_aim__rosidl_typesupport_introspection_c__pyext
[ 77%] Built target auto_aim__rosidl_typesupport_c__pyext
[ 77%] Built target auto_aim__rosidl_typesupport_fastrtps_c__pyext
running egg_info
writing auto_aim.egg-info/PKG-INFO
writing dependency_links to auto_aim.egg-info/dependency_links.txt
writing top-level names to auto_aim.egg-info/top_level.txt
reading manifest file 'auto_aim.egg-info/SOURCES.txt'
writing manifest file 'auto_aim.egg-info/SOURCES.txt'
[ 77%] Built target ament_cmake_python_build_auto_aim_egg
[ 79%] [32m[1mLinking CXX shared library libarmor_detector.so[0m
lto-wrapper: warning: using serial compilation of 3 LTRANS jobs
[ 96%] Built target armor_detector
[ 98%] [32mBuilding CXX object CMakeFiles/armor_detect_node.dir/src/nodes/ArmorDetect_Node.cpp.o[0m
In file included from [01m[K/home/dyj/rm2026/transistor_rm2026_algorithm_visual_ws/src/auto_aim/include/armor_detector/motion_model.hpp:7[m[K,
                 from [01m[K/home/dyj/rm2026/transistor_rm2026_algorithm_visual_ws/src/auto_aim/include/armor_detector/Tracker.h:2[m[K,
                 from [01m[K/home/dyj/rm2026/transistor_rm2026_algorithm_visual_ws/src/auto_aim/src/nodes/ArmorDetect_Node.cpp:11[m[K:
[01m[K/home/dyj/rm2026/transistor_rm2026_algorithm_visual_ws/src/auto_aim/include/armor_detector/extended_kalman_filter.hpp:[m[K In member function â€˜[01m[KExtendedKalmanFilter<N_x, N_z, PredicFunc, MeasureFunc>::MatrixX1 ExtendedKalmanFilter<N_x, N_z, PredicFunc, MeasureFunc>::predict()[m[Kâ€™:
[01m[K/home/dyj/rm2026/transistor_rm2026_algorithm_visual_ws/src/auto_aim/include/armor_detector/extended_kalman_filter.hpp:72:29:[m[K [01;31m[Kerror: [m[Kexpected primary-expression before â€˜[01m[K)[m[Kâ€™ token
   72 |       F.block<i, 0, 1, N_x>([01;31m[K)[m[K = x_p_jet[i].v.transpose(); // è®¡ç®—è¿‡ç¨‹æ¨¡å‹çš„é›…å¯æ¯”çŸ©é˜µ
      |                             [01;31m[K^[m[K
[01m[K/home/dyj/rm2026/transistor_rm2026_algorithm_visual_ws/src/auto_aim/include/armor_detector/extended_kalman_filter.hpp:[m[K In member function â€˜[01m[KExtendedKalmanFilter<N_x, N_z, PredicFunc, MeasureFunc>::MatrixX1 ExtendedKalmanFilter<N_x, N_z, PredicFunc, MeasureFunc>::update(const MatrixZ1&)[m[Kâ€™:
[01m[K/home/dyj/rm2026/transistor_rm2026_algorithm_visual_ws/src/auto_aim/include/armor_detector/extended_kalman_filter.hpp:96:29:[m[K [01;31m[Kerror: [m[Kexpected primary-expression before â€˜[01m[K)[m[Kâ€™ token
   96 |       H.block<i, 0, 1, N_x>([01;31m[K)[m[K = z_p_jet[i].v.transpose();
      |                             [01;31m[K^[m[K
[01m[K/home/dyj/rm2026/transistor_rm2026_algorithm_visual_ws/src/auto_aim/src/nodes/ArmorDetect_Node.cpp:[m[K In member function â€˜[01m[Kvoid ArmorDetectNode::processImage()[m[Kâ€™:
[01m[K/home/dyj/rm2026/transistor_rm2026_algorithm_visual_ws/src/auto_aim/src/nodes/ArmorDetect_Node.cpp:381:30:[m[K [01;31m[Kerror: [m[Kâ€˜[01m[Kangle_kalman_[m[Kâ€™ was not declared in this scope
  381 |                         if (![01;31m[Kangle_kalman_[m[K->isInitialized()) {
      |                              [01;31m[K^~~~~~~~~~~~~[m[K
[01m[K/home/dyj/rm2026/transistor_rm2026_algorithm_visual_ws/src/auto_aim/src/nodes/ArmorDetect_Node.cpp:384:61:[m[K [01;31m[Kerror: [m[Kâ€˜[01m[Kangle_kalman_[m[Kâ€™ was not declared in this scope
  384 |                         cv::Point3f current_predicted_pos = [01;31m[Kangle_kalman_[m[K->predictKalmanFilter(0);
      |                                                             [01;31m[K^~~~~~~~~~~~~[m[K
gmake[2]: *** [CMakeFiles/armor_detect_node.dir/build.make:79ï¼šCMakeFiles/armor_detect_node.dir/src/nodes/ArmorDetect_Node.cpp.o] é”™è¯¯ 1
gmake[1]: *** [CMakeFiles/Makefile2:803ï¼šCMakeFiles/armor_detect_node.dir/all] é”™è¯¯ 2
gmake: *** [Makefile:146ï¼šall] é”™è¯¯ 2
