[01m[K/home/dyj/rm2026/transistor_rm2026_algorithm_visual_ws/src/auto_aim/src/nodes/ArmorDetect_Node.cpp:[m[K In member function â€˜[01m[Kvoid ArmorDetectNode::processImage()[m[Kâ€™:
[01m[K/home/dyj/rm2026/transistor_rm2026_algorithm_visual_ws/src/auto_aim/src/nodes/ArmorDetect_Node.cpp:532:114:[m[K [01;31m[Kerror: [m[Kexpected â€˜[01m[K;[m[Kâ€™ before â€˜[01m[K)[m[Kâ€™ token
  532 |                                       total_delay, fps_counter->fps()[01;31m[K)[m[K;
      |                                                                      [01;31m[K^[m[K

gmake[2]: *** [CMakeFiles/armor_detect_node.dir/build.make:79ï¼šCMakeFiles/armor_detect_node.dir/src/nodes/ArmorDetect_Node.cpp.o] é”™è¯¯ 1
gmake[1]: *** [CMakeFiles/Makefile2:188ï¼šCMakeFiles/armor_detect_node.dir/all] é”™è¯¯ 2
gmake: *** [Makefile:146ï¼šall] é”™è¯¯ 2
