[0.009s] Invoking command in '/home/dyj/rm2026/transistor_rm2026_algorithm_visual_ws/build/auto_aim': CMAKE_PREFIX_PATH=${CMAKE_PREFIX_PATH}:/home/dyj/rm2026/transistor_rm2026_algorithm_visual_ws/install/shm_pytorch_processor_pkg:/opt/ros/humble /usr/bin/cmake --build /home/dyj/rm2026/transistor_rm2026_algorithm_visual_ws/build/auto_aim -- -j12 -l12
[0.050s] [ 90%] Built target armor_detector
[0.076s] [ 95%] [32mBuilding CXX object CMakeFiles/armor_detect_node.dir/src/nodes/ArmorDetect_Node.cpp.o[0m
[2.980s] [01m[K/home/dyj/rm2026/transistor_rm2026_algorithm_visual_ws/src/auto_aim/src/nodes/ArmorDetect_Node.cpp:[m[K In member function â€˜[01m[Kvoid ArmorDetectNode::processImage()[m[Kâ€™:
[2.980s] [01m[K/home/dyj/rm2026/transistor_rm2026_algorithm_visual_ws/src/auto_aim/src/nodes/ArmorDetect_Node.cpp:532:114:[m[K [01;31m[Kerror: [m[Kexpected â€˜[01m[K;[m[Kâ€™ before â€˜[01m[K)[m[Kâ€™ token
[2.980s]   532 |                                       total_delay, fps_counter->fps()[01;31m[K)[m[K;
[2.980s]       |                                                                      [01;31m[K^[m[K
[2.980s] 
[3.771s] gmake[2]: *** [CMakeFiles/armor_detect_node.dir/build.make:79ï¼šCMakeFiles/armor_detect_node.dir/src/nodes/ArmorDetect_Node.cpp.o] é”™è¯¯ 1
[3.772s] gmake[1]: *** [CMakeFiles/Makefile2:188ï¼šCMakeFiles/armor_detect_node.dir/all] é”™è¯¯ 2
[3.772s] gmake: *** [Makefile:146ï¼šall] é”™è¯¯ 2
[3.773s] Invoked command in '/home/dyj/rm2026/transistor_rm2026_algorithm_visual_ws/build/auto_aim' returned '2': CMAKE_PREFIX_PATH=${CMAKE_PREFIX_PATH}:/home/dyj/rm2026/transistor_rm2026_algorithm_visual_ws/install/shm_pytorch_processor_pkg:/opt/ros/humble /usr/bin/cmake --build /home/dyj/rm2026/transistor_rm2026_algorithm_visual_ws/build/auto_aim -- -j12 -l12
